[debug] [2021-03-12T22:40:58.573Z] ----------------------------------------------------------------------
[debug] [2021-03-12T22:40:58.575Z] Command:       /usr/local/bin/node /usr/local/bin/firebase init
[debug] [2021-03-12T22:40:58.576Z] CLI Version:   9.2.1
[debug] [2021-03-12T22:40:58.576Z] Platform:      darwin
[debug] [2021-03-12T22:40:58.576Z] Node Version:  v14.15.4
[debug] [2021-03-12T22:40:58.581Z] Time:          Fri Mar 12 2021 22:40:58 GMT+0000 (Greenwich Mean Time)
[debug] [2021-03-12T22:40:58.582Z] ----------------------------------------------------------------------
[debug] [2021-03-12T22:40:58.582Z] 
[debug] [2021-03-12T22:40:58.585Z] >>> [apiv2][query] GET https://firebase-public.firebaseio.com/cli.json [none]
[debug] [2021-03-12T22:40:58.606Z] > command requires scopes: ["email","openid","https://www.googleapis.com/auth/cloudplatformprojects.readonly","https://www.googleapis.com/auth/firebase","https://www.googleapis.com/auth/cloud-platform"]
[debug] [2021-03-12T22:40:58.606Z] > authorizing via signed-in user
[info] 
     ######## #### ########  ######## ########     ###     ######  ########
     ##        ##  ##     ## ##       ##     ##  ##   ##  ##       ##
     ######    ##  ########  ######   ########  #########  ######  ######
     ##        ##  ##    ##  ##       ##     ## ##     ##       ## ##
     ##       #### ##     ## ######## ########  ##     ##  ######  ########

You're about to initialize a Firebase project in this directory:

  /Users/whtvrka/Downloads/birthday

[debug] [2021-03-12T22:40:59.311Z] <<< [apiv2][status] GET https://firebase-public.firebaseio.com/cli.json 200
[debug] [2021-03-12T22:40:59.311Z] <<< [apiv2][body] GET https://firebase-public.firebaseio.com/cli.json {"cloudBuildErrorAfter":1594252800000,"cloudBuildWarnAfter":1590019200000,"defaultNode10After":1594252800000,"minVersion":"3.0.5","node8DeploysDisabledAfter":1613390400000,"node8RuntimeDisabledAfter":1615809600000,"node8WarnAfter":1600128000000}
[info] 
=== Project Setup
[info] 
[info] First, let's associate this project directory with a Firebase project.
[info] You can create multiple project aliases by running firebase use --add, 
[info] but for now we'll just set up a default project.
[info] 
[info] i  If you want to create a project in a Google Cloud organization or folder, please use "firebase projects:create" instead, and return to this command when you've created the project. 
